<?xml version="1.0" encoding="UTF-8"?>
<testng-results skipped="0" failed="0" ignored="0" total="1" passed="1">
  <reporter-output>
  </reporter-output>
  <suite name="TestSuite" duration-ms="9690" started-at="2017-09-19T08:59:00Z" finished-at="2017-09-19T08:59:10Z">
    <groups>
    </groups>
    <test name="ChromeTest" duration-ms="9690" started-at="2017-09-19T08:59:00Z" finished-at="2017-09-19T08:59:10Z">
      <class name="blutvtests.NewTest">
        <test-method status="PASS" signature="setup()[pri:0, instance:blutvtests.NewTest@7d9d1a19]" name="setup" is-config="true" duration-ms="816" started-at="2017-09-19T11:59:00Z" finished-at="2017-09-19T11:59:01Z">
          <reporter-output>
          </reporter-output>
        </test-method> <!-- setup -->
        <test-method status="PASS" signature="login()[pri:0, instance:blutvtests.NewTest@7d9d1a19]" name="login" duration-ms="8797" started-at="2017-09-19T11:59:01Z" finished-at="2017-09-19T11:59:10Z">
          <reporter-output>
          </reporter-output>
        </test-method> <!-- login -->
        <test-method status="PASS" signature="afterTest()[pri:0, instance:blutvtests.NewTest@7d9d1a19]" name="afterTest" is-config="true" duration-ms="64" started-at="2017-09-19T11:59:10Z" finished-at="2017-09-19T11:59:10Z">
          <reporter-output>
          </reporter-output>
        </test-method> <!-- afterTest -->
      </class> <!-- blutvtests.NewTest -->
    </test> <!-- ChromeTest -->
  </suite> <!-- TestSuite -->
</testng-results>
